C51 COMPILER V7.06   MAIN                                                                  11/02/2013 09:43:05 PAGE 1   


C51 COMPILER V7.06, COMPILATION OF MODULE MAIN
OBJECT MODULE PLACED IN .\Obj\main.obj
COMPILER INVOKED BY: C:\Keil\C51\BIN\C51.EXE Source\main.c BROWSE DEBUG OBJECTEXTEND PRINT(.\List\main.lst) OBJECT(.\Obj
                    -\main.obj)

stmt level    source

   1          
   2          #include"tft.h"
   3          #include"reg52.h"
   4          #include"touch.h"
   5          #include<stdio.h>
   6          
   7          
   8          
   9          main()
  10          {
  11   1       //初始化串口，用于内部测试。更具需要自行更改
  12   1       SCON  = 0x50;                  // SCON: 模式 1, 8-bit UART, 使能接收  
  13   1       TMOD |= 0x20;               // TMOD: timer 1, mode 2, 8-bit 重装
  14   1       TH1   = 0xFD;               // TH1:  重装值 9600 波特率 晶振 11.0592MHz  
  15   1       TR1   = 1;                  // TR1:  timer 1 打开  
  16   1                             
  17   1       TFT_Initial();
  18   1       Touch ();
  19   1       while(1);
  20   1      }


MODULE INFORMATION:   STATIC OVERLAYABLE
   CODE SIZE        =     19    ----
   CONSTANT SIZE    =   ----    ----
   XDATA SIZE       =   ----    ----
   PDATA SIZE       =   ----    ----
   DATA SIZE        =   ----    ----
   IDATA SIZE       =   ----    ----
   BIT SIZE         =   ----    ----
END OF MODULE INFORMATION.


C51 COMPILATION COMPLETE.  0 WARNING(S),  0 ERROR(S)
