C51 COMPILER V7.06   TFT                                                                   02/24/2014 11:17:10 PAGE 1   


C51 COMPILER V7.06, COMPILATION OF MODULE TFT
OBJECT MODULE PLACED IN .\Obj\tft.obj
COMPILER INVOKED BY: C:\Keil\C51\BIN\C51.EXE Source\tft.C BROWSE DEBUG OBJECTEXTEND PRINT(.\List\tft.lst) OBJECT(.\Obj\t
                    -ft.obj)

stmt level    source

   1          /*------------------------------------------------
   2                          包含头文件
   3          ------------------------------------------------*/
   4          #include"reg52.h"
   5          #include"tft.h"
   6          /*------------------------------------------------
   7                               定义单片机引脚
   8          ------------------------------------------------*/
   9          sbit CS=P2^2;           //片选
  10          sbit RES=P2^1;          //复位
  11          sbit RS=P2^4;           //数据/命令选择
  12          sbit RW=P2^5;
  13          #define DataPort P0                    //数据口使用DataPort
  14          //unsigned char code pic[];
  15          
  16          /*------------------------------------------------
  17                                  清屏函数
  18          ------------------------------------------------*/
  19          void ClearScreen(unsigned int bColor)
  20          {
  21   1       unsigned int i,j;
  22   1       LCD_SetPos(0,X_MAX-1,0,Y_MAX-1);//
  23   1       for (i=0;i<Y_MAX;i++)
  24   1              {
  25   2              
  26   2                 for (j=0;j<X_MAX;j++)
  27   2                     Write_Data_U16(bColor);
  28   2      
  29   2              }
  30   1      }
  31          
  32          
  33          /*------------------------------------------------
  34                        写16位数据函数
  35          ------------------------------------------------*/
  36          void  Write_Data_U16(unsigned int y)
  37          {
  38   1              unsigned char m,n;
  39   1              m=y>>8;
  40   1              n=y;
  41   1              LCD_Write_Data(m);
  42   1          LCD_Write_Data(n);
  43   1      
  44   1      }
  45          /*------------------------------------------------
  46                          写指令函数
  47          ------------------------------------------------*/
  48          void LCD_Write_Command(unsigned char u)
  49          {
  50   1              
  51   1              CS=0;
  52   1              RS=0;
  53   1              DataPort=u;     
  54   1              RW=0;
C51 COMPILER V7.06   TFT                                                                   02/24/2014 11:17:10 PAGE 2   

  55   1              RW=1;
  56   1              CS=1;
  57   1      }
  58          
  59          /*------------------------------------------------
  60                           写数据函数
  61          ------------------------------------------------*/
  62          void LCD_Write_Data(unsigned char u)
  63          {       
  64   1              CS=0;
  65   1              RS=1;
  66   1              DataPort=u;     
  67   1              RW=0;
  68   1              RW=1;
  69   1              CS=1;
  70   1      }
  71          WriteCom(a,b)
  72          {
  73   1      LCD_Write_Command(a);
  74   1      LCD_Write_Command(b);
  75   1      }
  76          
  77          WriteData(a,b)
  78          {
  79   1      LCD_Write_Data(a);
  80   1      LCD_Write_Data(b);
  81   1      }
  82          /*------------------------------------------------
  83                          延时函数
  84          ------------------------------------------------*/
  85          void delayms(unsigned int count)
  86          {
  87   1          int i,j;                                                                                
  88   1          for(i=0;i<count;i++)                                                                    
  89   1             {
  90   2                   for(j=0;j<260;j++);
  91   2             }                                                                                     
  92   1      }
  93          
  94          
  95          
  96          /*------------------------------------------------
  97                          液晶初始化代码
  98          ------------------------------------------------*/
  99          
 100          void TFT_Initial(void)
 101          { 
 102   1      // VCI=2.80V
 103   1      //************* Reset LCD Driver ****************//
 104   1      RES = 1;
 105   1      delayms(1); // delaymsms 1ms
 106   1      RES = 0;
 107   1      delayms(10); // delaymsms 10ms // This delaymsms time is necessary
 108   1      RES = 1;
 109   1      delayms(50); // delaymsms 50 ms
 110   1       // Synchronization after reset//////////
 111   1      ////////////////////////////////////////////
 112   1      LCD_Write_Command(0x11); //Exit Sleep
 113   1      delayms(100);
 114   1      LCD_Write_Command(0xD1);
 115   1      LCD_Write_Data (0x00);
 116   1      LCD_Write_Data (0x71);
C51 COMPILER V7.06   TFT                                                                   02/24/2014 11:17:10 PAGE 3   

 117   1      LCD_Write_Data (0x19);
 118   1      LCD_Write_Command(0xD0);
 119   1      LCD_Write_Data (0x07);
 120   1      LCD_Write_Data (0x01);
 121   1      LCD_Write_Data (0x08);
 122   1      LCD_Write_Command(0x36);
 123   1      LCD_Write_Data (0x48);
 124   1      LCD_Write_Command(0x3A);
 125   1      LCD_Write_Data (0x05);
 126   1      LCD_Write_Command(0xC1);
 127   1      LCD_Write_Data (0x10);
 128   1      LCD_Write_Data (0x10);
 129   1      LCD_Write_Data (0x02);
 130   1      LCD_Write_Data (0x02);
 131   1      LCD_Write_Command(0xC0); //Set Default Gamma
 132   1      LCD_Write_Data (0x00);
 133   1      LCD_Write_Data (0x35);
 134   1      LCD_Write_Data (0x00);
 135   1      LCD_Write_Data (0x00);
 136   1      LCD_Write_Data (0x01);
 137   1      LCD_Write_Data (0x02);
 138   1      LCD_Write_Command(0xC5); //Set frame rate
 139   1      LCD_Write_Data (0x04);
 140   1      LCD_Write_Command(0xD2); //power setting
 141   1      LCD_Write_Data (0x01);
 142   1      LCD_Write_Data (0x44);
 143   1      LCD_Write_Command(0xC8); //Set Gamma
 144   1      LCD_Write_Data (0x04);
 145   1      LCD_Write_Data (0x67);
 146   1      LCD_Write_Data (0x35);
 147   1      LCD_Write_Data (0x04);
 148   1      LCD_Write_Data (0x08);
 149   1      LCD_Write_Data (0x06);
 150   1      LCD_Write_Data (0x24);
 151   1      LCD_Write_Data (0x01);
 152   1      LCD_Write_Data (0x37);
 153   1      LCD_Write_Data (0x40);
 154   1      LCD_Write_Data (0x03);
 155   1      LCD_Write_Data (0x10);
 156   1      LCD_Write_Data (0x08);
 157   1      LCD_Write_Data (0x80);
 158   1      LCD_Write_Data (0x00);
 159   1      LCD_Write_Command(0x2A); 
 160   1      LCD_Write_Data (0x00);
 161   1      LCD_Write_Data (0x00);
 162   1      LCD_Write_Data (X_MAX>>8);
 163   1      LCD_Write_Data (X_MAX);
 164   1      LCD_Write_Command(0x2B); 
 165   1      LCD_Write_Data (0x00);
 166   1      LCD_Write_Data (0x00);
 167   1      LCD_Write_Data (Y_MAX>>8);
 168   1      LCD_Write_Data (Y_MAX);
 169   1      LCD_Write_Command(0x29); //display on      
 170   1      LCD_Write_Command(0x2C); //display on
 171   1      delayms(100);
 172   1      
 173   1      }
 174          
 175          /*------------------------------------------------
 176          函数名称:LCD_DefineDispWindow
 177          功    能:定义显示窗体
 178          参    数:x0:  窗体中X坐标中较小者
C51 COMPILER V7.06   TFT                                                                   02/24/2014 11:17:10 PAGE 4   

 179                   x1:  窗体中X坐标中较大者
 180                   y0:  窗体中Y坐标中较小者
 181                   y1:  窗体中Y坐标中较大者 
 182          返 回 值:无
 183          ------------------------------------------------*/
 184          static void LCD_SetPos(unsigned int x0,unsigned int x1,unsigned int y0,unsigned int y1)
 185          {
 186   1      
 187   1      WriteCom(0x00,0x2A);
 188   1      WriteData(x0>>8,x0);
 189   1      WriteData(x1>>8,x1);
 190   1      WriteCom(0x00,0x2B);
 191   1      WriteData(y0>>8,y0);
 192   1      WriteData(y1>>8,y1);
 193   1      WriteCom(0x00,0x2C);
 194   1      
 195   1      
 196   1      }
 197          /*----------------------------------------------------------------
 198                                      画点
 199          输入参数：x，y 需要画点坐标
 200                    color 点的颜色
 201          ----------------------------------------------------------------*/
 202          void Put_pixel(unsigned int x,unsigned int y,unsigned int color)
 203          {
 204   1              LCD_SetPos(x,x,y,y);
 205   1              Write_Data_U16(color);
 206   1      }
 207          
 208          
 209          /*----------------------------------------------------------------
 210                                     在屏幕上画线
 211          输入参数：  起始坐标X0，Y0，终止坐标X1，Y1
 212                                  color 线颜色
 213          ----------------------------------------------------------------*/
 214          void Line(      unsigned int X0,
 215                                  unsigned int Y0,
 216                                  unsigned int X1,
 217                                  unsigned int Y1,
 218                                  unsigned int color)
 219          {
 220   1              int dx = X1 - X0;
 221   1              int dy = Y1 - Y0;
 222   1              int P  = 2 * dy - dx;
 223   1              int dobDy = 2 * dy;
 224   1              int dobD = 2 * (dy - dx);
 225   1              int PointX = 0,PointY = 0;
 226   1              int incx = 0,incy = 0;
 227   1              int distance = 0,xerr = 0,yerr = 0;
 228   1              unsigned int i = 0;
 229   1      
 230   1              if(dx == 0)             //k=1斜率为1
 231   1              {
 232   2                      PointX = X0;
 233   2                      if(Y0 < Y1)
 234   2                      {
 235   3                              PointY = Y0;
 236   3                      }
 237   2                      else
 238   2                      {
 239   3                              PointY = Y1;
 240   3                      }
C51 COMPILER V7.06   TFT                                                                   02/24/2014 11:17:10 PAGE 5   

 241   2                      for(i = 0;i <= ((Y0<Y1) ? (Y1-Y0) : (Y0-Y1));i++)
 242   2                      {
 243   3      
 244   3                                      Put_pixel(PointX,PointY,color);
 245   3                              PointY++;
 246   3                      }
 247   2                      return;
 248   2              }
 249   1              if(dy == 0)             //k=0斜率为0
 250   1              {
 251   2                      PointY = Y0;
 252   2                      if(X0 < X1)
 253   2                      {
 254   3                              PointX = X0;
 255   3                      }
 256   2                      else
 257   2                      {
 258   3                              PointX = X1;
 259   3                      }
 260   2                      for(i = 0;i <= ((X0<X1) ? (X1-X0) : (X0-X1));i++)
 261   2                      {
 262   3      
 263   3                                      Put_pixel(PointX,PointY,color);
 264   3                              PointX++;
 265   3                      }
 266   2                      return;
 267   2              }
 268   1      
 269   1              if(dx > 0)
 270   1                      incx = 1;
 271   1              else if(dx == 0)
 272   1                      incx = 0;
 273   1              else
 274   1                      incx = -1;
 275   1      
 276   1              if(dy > 0)
 277   1                      incy = 1;
 278   1              else if(dy == 0)
 279   1                      incy = 0;
 280   1              else
 281   1                      incy = -1;
 282   1      
 283   1          dx = ((X0>X1) ? (X0-X1) : (X1-X0));
 284   1          dy = ((Y0>Y1) ? (Y0-Y1) : (Y1-Y0));
 285   1      
 286   1          if(dx>dy) distance=dx;
 287   1          else distance=dy;
 288   1      
 289   1          PointX = X0;
 290   1          PointY = Y0;
 291   1          for(i=0;i<=distance+1;i++)
 292   1          {
 293   2      
 294   2                      Put_pixel(PointX,PointY,color);
 295   2              xerr+=dx;
 296   2              yerr+=dy;
 297   2              if(xerr>distance)
 298   2              {
 299   3                  xerr-=distance;
 300   3                  PointX+=incx;
 301   3              }
 302   2              if(yerr>distance)
C51 COMPILER V7.06   TFT                                                                   02/24/2014 11:17:10 PAGE 6   

 303   2              {
 304   3                  yerr-=distance;
 305   3                  PointY+=incy;
 306   3              }
 307   2          }
 308   1      }
 309          /*---------------------------------------------------------------------------
 310                                      绘制矩形框
 311          输入参数：矩形的起始位置left,top 
 312                            矩形的结束位置right,bottom 
 313                           矩形框的颜色color
 314          
 315          -----------------------------------------------------------------------------*/
 316          void Rectangle( unsigned int left,
 317                                          unsigned int top,
 318                                          unsigned int right,
 319                                          unsigned int bottom,
 320                                          unsigned int color)
 321          {
 322   1              Line(left,top,right,top,color);
 323   1              Line(left,top,left,bottom,color);
 324   1              Line(right,top,right,bottom,color);
 325   1              Line(left,bottom,right,bottom,color);
 326   1      }


MODULE INFORMATION:   STATIC OVERLAYABLE
   CODE SIZE        =   1346    ----
   CONSTANT SIZE    =   ----    ----
   XDATA SIZE       =   ----    ----
   PDATA SIZE       =   ----    ----
   DATA SIZE        =   ----      63
   IDATA SIZE       =   ----    ----
   BIT SIZE         =   ----    ----
END OF MODULE INFORMATION.


C51 COMPILATION COMPLETE.  0 WARNING(S),  0 ERROR(S)
